[2026-04-19 17:10:24.901] [info] [:] === Async Message Broker v1.0.0 ===
[2026-04-19 17:10:24.901] [info] [:] Configuration:
[2026-04-19 17:10:24.901] [info] [:]   Port: 5555
[2026-04-19 17:10:24.901] [info] [:]   Database: ./broker.db
[2026-04-19 17:10:24.901] [info] [:]   Threads: 8
[2026-04-19 17:10:24.901] [info] [:]   Log level: debug
[2026-04-19 17:10:24.901] [info] [:]   Session timeout: 1200s
[2026-04-19 17:10:24.901] [info] [:]   ACK timeout: 30s
[2026-04-19 17:10:24.901] [info] [:] =====================================
[2026-04-19 17:10:24.901] [debug] [:] Signal handlers configured
[2026-04-19 17:10:24.901] [info] [:] Initializing server...
[2026-04-19 17:10:24.901] [info] [:] Configuration: session_timeout=1200s, ack_timeout=30s
[2026-04-19 17:10:24.902] [info] [:] Prometheus metrics initialized with unique names
[2026-04-19 17:10:24.902] [info] [:] Metrics manager initialized
[2026-04-19 17:10:24.902] [info] [:] Metrics exposer started on 0.0.0.0:8080
[2026-04-19 17:10:24.902] [info] [:] Metrics enabled on 0.0.0.0:8080
[2026-04-19 17:10:24.902] [info] [:] Opening database: ./broker.db
[2026-04-19 17:10:24.902] [info] [:] Metrics updater thread started
[2026-04-19 17:10:24.903] [debug] [:] Database tables created/verified
[2026-04-19 17:10:24.903] [info] [:] Storage initialized
[2026-04-19 17:10:24.903] [info] [:] Router initialized with ACK timeout: 30s
[2026-04-19 17:10:24.903] [info] [:] ZeroMQ ROUTER socket bound to tcp://*:5555
[2026-04-19 17:10:24.903] [debug] [:] TCP keepalive configured: idle=5s, interval=2s, count=2
[2026-04-19 17:10:24.903] [debug] [:] ZeroMQ file descriptor: 9
[2026-04-19 17:10:24.903] [info] [:] ZeroMQ integrated with Boost.Asio via FD
[2026-04-19 17:10:24.903] [debug] [:] Server thread started
[2026-04-19 17:10:24.903] [info] [:] Starting server...
[2026-04-19 17:10:24.903] [debug] [:] Worker thread #0 started
[2026-04-19 17:10:24.903] [debug] [:] Worker thread #1 started
[2026-04-19 17:10:24.903] [debug] [:] Worker thread #2 started
[2026-04-19 17:10:24.903] [debug] [:] Worker thread #3 started
[2026-04-19 17:10:24.903] [debug] [:] Worker thread #4 started
[2026-04-19 17:10:24.903] [debug] [:] Worker thread #5 started
[2026-04-19 17:10:24.903] [debug] [:] Worker thread #7 started
[2026-04-19 17:10:24.903] [info] [:] Server started with 8 worker threads
[2026-04-19 17:10:24.903] [debug] [:] Worker thread #6 started
[2026-04-19 17:10:49.601] [debug] [:] ZMQ_POLLIN event received
[2026-04-19 17:10:49.602] [debug] [:] Deserialized: Message{type=Message, flags=2, corr_id=4179577709898218998, sender=bob, dest=alice, payload_size=44}
[2026-04-19 17:10:49.602] [debug] [:] Routing message: Message{type=Message, flags=2, corr_id=4179577709898218998, sender=bob, dest=alice, payload_size=44}
[2026-04-19 17:10:49.602] [debug] [:] Routing message to: alice
[2026-04-19 17:10:49.615] [debug] [:] Message saved to database, id: 15, status: 0, corr_id: 4179577709898218998
[2026-04-19 17:10:49.615] [debug] [:] Message saved to database with id: 15
[2026-04-19 17:10:49.615] [debug] [:] Storage::SaveCorrelation: msg_id=15, corr_id=4179577709898218998, sender=bob
[2026-04-19 17:10:49.618] [info] [:] Correlation saved: message_id=15, corr_id=4179577709898218998, original_sender=bob
[2026-04-19 17:10:49.618] [debug] [:] Saved correlation: message_id=15, corr_id=4179577709898218998, sender=bob
[2026-04-19 17:10:49.618] [info] [:] Destination alice offline, message 15 stored in database
[2026-04-19 17:10:57.731] [debug] [:] ZMQ_POLLIN event received
[2026-04-19 17:10:57.731] [debug] [:] Deserialized: Message{type=Unregister, flags=0, corr_id=0, sender=bob, dest=, payload_size=0}
[2026-04-19 17:10:57.731] [debug] [:] Routing message: Message{type=Unregister, flags=0, corr_id=0, sender=bob, dest=, payload_size=0}
[2026-04-19 17:10:57.731] [info] [:] Client bob explicitly unregistering
[2026-04-19 17:11:02.953] [debug] [:] ZMQ_POLLIN event received
[2026-04-19 17:11:02.953] [debug] [:] Deserialized: Message{type=Unregister, flags=0, corr_id=0, sender=alice, dest=, payload_size=0}
[2026-04-19 17:11:02.953] [debug] [:] Routing message: Message{type=Unregister, flags=0, corr_id=0, sender=alice, dest=, payload_size=0}
[2026-04-19 17:11:02.953] [info] [:] Client alice explicitly unregistering
[2026-04-19 17:11:20.213] [debug] [:] ZMQ_POLLIN event received
[2026-04-19 17:11:20.213] [debug] [:] Deserialized: Message{type=Register, flags=0, corr_id=0, sender=alice, dest=, payload_size=0}
[2026-04-19 17:11:20.213] [debug] [:] Routing message: Message{type=Register, flags=0, corr_id=0, sender=alice, dest=, payload_size=0}
[2026-04-19 17:11:20.213] [info] [:] Registering client: alice
[2026-04-19 17:11:20.213] [debug] [:] Session created for identity with size: 5
[2026-04-19 17:11:20.213] [debug] [:] Client registered: alice
[2026-04-19 17:11:20.213] [info] [:] Client alice registered successfully
[2026-04-19 17:11:20.214] [debug] [:] Loaded 1 pending messages for client: alice
[2026-04-19 17:11:20.214] [info] [:] Delivering 1 offline messages to: alice
[2026-04-19 17:11:20.222] [debug] [:] Message 15 marked as sent (waiting for ACK), 1 rows affected
[2026-04-19 17:11:20.222] [debug] [:] Message sent to client alice: Message{type=Message, flags=2, corr_id=4179577709898218998, sender=bob, dest=alice, payload_size=44}
[2026-04-19 17:11:20.222] [debug] [:] Delivered offline message id=15 to alice, waiting for ACK
[2026-04-19 17:11:20.222] [debug] [:] Flushing queue for client alice, size: 0
[2026-04-19 17:11:20.222] [debug] [:] DeliverPendingReplies called for client: alice
[2026-04-19 17:11:20.222] [debug] [:] Loaded 0 unique pending replies for sender: alice
[2026-04-19 17:11:20.222] [debug] [:] No pending replies for client: alice
[2026-04-19 17:11:20.222] [info] [:] === Active clients (1) ===
[2026-04-19 17:11:20.222] [info] [:]   - alice (identity size: 5, queue size: 0)
[2026-04-19 17:11:20.233] [debug] [:] ZMQ_POLLIN event received
[2026-04-19 17:11:20.233] [debug] [:] Deserialized: Message{type=Ack, flags=0, corr_id=4179577709898218998, sender=alice, dest=bob, payload_size=0}
[2026-04-19 17:11:20.233] [debug] [:] Routing message: Message{type=Ack, flags=0, corr_id=4179577709898218998, sender=alice, dest=bob, payload_size=0}
[2026-04-19 17:11:20.233] [debug] [:] Handling ACK for correlation_id: 4179577709898218998
[2026-04-19 17:11:20.234] [debug] [:] Found original sender 'bob' for correlation_id=4179577709898218998
[2026-04-19 17:11:20.234] [debug] [:] Found message_id=15 for correlation_id=4179577709898218998
[2026-04-19 17:11:20.236] [debug] [:] Message 15 marked as delivered
[2026-04-19 17:11:20.236] [debug] [:] Preserved correlation for message 15: ACK from alice != original sender bob
[2026-04-19 17:11:20.236] [info] [:] Message 15 marked as DELIVERED after ACK from alice
[2026-04-19 17:11:20.236] [debug] [:] Original sender bob offline, storing ACK notification
[2026-04-19 17:11:20.239] [debug] [:] Message saved to database, id: 16, status: 0, corr_id: 4179577709898218998
[2026-04-19 17:11:20.239] [debug] [:] ACK notification stored in database with id: 16
[2026-04-19 17:11:24.816] [debug] [:] ZMQ_POLLIN event received
[2026-04-19 17:11:24.816] [debug] [:] Deserialized: Message{type=Register, flags=0, corr_id=0, sender=bob, dest=, payload_size=0}
[2026-04-19 17:11:24.816] [debug] [:] Routing message: Message{type=Register, flags=0, corr_id=0, sender=bob, dest=, payload_size=0}
[2026-04-19 17:11:24.816] [info] [:] Registering client: bob
[2026-04-19 17:11:24.816] [debug] [:] Session created for identity with size: 3
[2026-04-19 17:11:24.816] [debug] [:] Client registered: bob
[2026-04-19 17:11:24.816] [info] [:] Client bob registered successfully
[2026-04-19 17:11:24.816] [debug] [:] Loaded 1 pending messages for client: bob
[2026-04-19 17:11:24.816] [info] [:] Delivering 1 offline messages to: bob
[2026-04-19 17:11:24.816] [debug] [:] Message sent to client bob: Message{type=Ack, flags=0, corr_id=4179577709898218998, sender=alice, dest=bob, payload_size=0}
[2026-04-19 17:11:24.824] [debug] [:] Message 16 marked as delivered
[2026-04-19 17:11:24.824] [debug] [:] Delivered offline message id=16 to bob (no ACK needed)
[2026-04-19 17:11:24.824] [debug] [:] Flushing queue for client bob, size: 0
[2026-04-19 17:11:24.824] [debug] [:] DeliverPendingReplies called for client: bob
[2026-04-19 17:11:24.825] [debug] [:] Loaded 0 unique pending replies for sender: bob
[2026-04-19 17:11:24.825] [debug] [:] No pending replies for client: bob
[2026-04-19 17:11:24.825] [info] [:] === Active clients (2) ===
[2026-04-19 17:11:24.825] [info] [:]   - bob (identity size: 3, queue size: 0)
[2026-04-19 17:11:24.825] [info] [:]   - alice (identity size: 5, queue size: 0)
[2026-04-19 17:11:34.102] [debug] [:] ZMQ_POLLIN event received
[2026-04-19 17:11:34.102] [debug] [:] Deserialized: Message{type=Message, flags=2, corr_id=9411277963277991228, sender=bob, dest=alice, payload_size=44}
[2026-04-19 17:11:34.102] [debug] [:] Routing message: Message{type=Message, flags=2, corr_id=9411277963277991228, sender=bob, dest=alice, payload_size=44}
[2026-04-19 17:11:34.102] [debug] [:] Routing message to: alice
[2026-04-19 17:11:34.112] [debug] [:] Message saved to database, id: 17, status: 0, corr_id: 9411277963277991228
[2026-04-19 17:11:34.112] [debug] [:] Message saved to database with id: 17
[2026-04-19 17:11:34.112] [debug] [:] Storage::SaveCorrelation: msg_id=17, corr_id=9411277963277991228, sender=bob
[2026-04-19 17:11:34.116] [info] [:] Correlation saved: message_id=17, corr_id=9411277963277991228, original_sender=bob
[2026-04-19 17:11:34.116] [debug] [:] Saved correlation: message_id=17, corr_id=9411277963277991228, sender=bob
[2026-04-19 17:11:34.116] [debug] [:] Destination alice online, sending immediately
[2026-04-19 17:11:34.119] [debug] [:] Message 17 marked as sent (waiting for ACK), 1 rows affected
[2026-04-19 17:11:34.120] [debug] [:] Message 17 marked as SENT, waiting for ACK
[2026-04-19 17:11:34.120] [debug] [:] Message sent to client alice: Message{type=Message, flags=2, corr_id=9411277963277991228, sender=bob, dest=alice, payload_size=44}
[2026-04-19 17:11:34.135] [debug] [:] ZMQ_POLLIN event received
[2026-04-19 17:11:34.135] [debug] [:] Deserialized: Message{type=Ack, flags=0, corr_id=9411277963277991228, sender=alice, dest=bob, payload_size=0}
[2026-04-19 17:11:34.135] [debug] [:] Routing message: Message{type=Ack, flags=0, corr_id=9411277963277991228, sender=alice, dest=bob, payload_size=0}
[2026-04-19 17:11:34.136] [debug] [:] Handling ACK for correlation_id: 9411277963277991228
[2026-04-19 17:11:34.136] [debug] [:] Found original sender 'bob' for correlation_id=9411277963277991228
[2026-04-19 17:11:34.136] [debug] [:] Found message_id=17 for correlation_id=9411277963277991228
[2026-04-19 17:11:34.140] [debug] [:] Message 17 marked as delivered
[2026-04-19 17:11:34.140] [debug] [:] Preserved correlation for message 17: ACK from alice != original sender bob
[2026-04-19 17:11:34.140] [info] [:] Message 17 marked as DELIVERED after ACK from alice
[2026-04-19 17:11:34.140] [debug] [:] Message sent to client bob: Message{type=Ack, flags=0, corr_id=9411277963277991228, sender=alice, dest=bob, payload_size=0}
[2026-04-19 17:11:34.140] [debug] [:] ACK notification sent to original sender: bob
[2026-04-19 17:17:46.407] [debug] [:] ZMQ_POLLIN event received
[2026-04-19 17:17:46.407] [debug] [:] Deserialized: Message{type=Unregister, flags=0, corr_id=0, sender=bob, dest=, payload_size=0}
[2026-04-19 17:17:46.407] [debug] [:] Routing message: Message{type=Unregister, flags=0, corr_id=0, sender=bob, dest=, payload_size=0}
[2026-04-19 17:17:46.407] [info] [:] Client bob explicitly unregistering
[2026-04-19 17:17:46.407] [debug] [:] No queued messages to persist for bob
[2026-04-19 17:17:46.407] [debug] [:] Client bob marked as offline
[2026-04-19 17:17:46.407] [debug] [:] Client unregistered: bob
[2026-04-19 17:17:46.407] [info] [:] Client bob unregistered successfully
[2026-04-19 17:17:46.407] [debug] [:] No queued messages to persist for bob
[2026-04-19 17:17:46.407] [debug] [:] Session destroyed for client: bob
[2026-04-19 17:18:32.498] [debug] [:] ZMQ_POLLIN event received
[2026-04-19 17:18:32.498] [debug] [:] Deserialized: Message{type=Unregister, flags=0, corr_id=0, sender=alice, dest=, payload_size=0}
[2026-04-19 17:18:32.498] [debug] [:] Routing message: Message{type=Unregister, flags=0, corr_id=0, sender=alice, dest=, payload_size=0}
[2026-04-19 17:18:32.498] [info] [:] Client alice explicitly unregistering
[2026-04-19 17:18:32.498] [debug] [:] No queued messages to persist for alice
[2026-04-19 17:18:32.498] [debug] [:] Client alice marked as offline
[2026-04-19 17:18:32.498] [debug] [:] Client unregistered: alice
[2026-04-19 17:18:32.498] [info] [:] Client alice unregistered successfully
[2026-04-19 17:18:32.498] [debug] [:] No queued messages to persist for alice
[2026-04-19 17:18:32.498] [debug] [:] Session destroyed for client: alice
[2026-04-19 17:18:37.364] [debug] [:] ZMQ_POLLIN event received
[2026-04-19 17:18:37.364] [debug] [:] Deserialized: Message{type=Register, flags=0, corr_id=0, sender=bob, dest=, payload_size=0}
[2026-04-19 17:18:37.364] [debug] [:] Routing message: Message{type=Register, flags=0, corr_id=0, sender=bob, dest=, payload_size=0}
[2026-04-19 17:18:37.364] [info] [:] Registering client: bob
[2026-04-19 17:18:37.364] [debug] [:] Session created for identity with size: 3
[2026-04-19 17:18:37.364] [debug] [:] Client registered: bob
[2026-04-19 17:18:37.364] [info] [:] Client bob registered successfully
[2026-04-19 17:18:37.364] [debug] [:] Loaded 0 pending messages for client: bob
[2026-04-19 17:18:37.364] [debug] [:] No pending messages for client: bob
[2026-04-19 17:18:37.364] [debug] [:] DeliverPendingReplies called for client: bob
[2026-04-19 17:18:37.364] [debug] [:] Loaded 0 unique pending replies for sender: bob
[2026-04-19 17:18:37.364] [debug] [:] No pending replies for client: bob
[2026-04-19 17:18:37.364] [info] [:] === Active clients (1) ===
[2026-04-19 17:18:37.364] [info] [:]   - bob (identity size: 3, queue size: 0)
[2026-04-19 17:18:41.832] [debug] [:] ZMQ_POLLIN event received
[2026-04-19 17:18:41.832] [debug] [:] Deserialized: Message{type=Message, flags=2, corr_id=12944196839608242251, sender=bob, dest=alice, payload_size=44}
[2026-04-19 17:18:41.832] [debug] [:] Routing message: Message{type=Message, flags=2, corr_id=12944196839608242251, sender=bob, dest=alice, payload_size=44}
[2026-04-19 17:18:41.832] [debug] [:] Routing message to: alice
[2026-04-19 17:18:41.841] [debug] [:] Message saved to database, id: 18, status: 0, corr_id: 12944196839608242251
[2026-04-19 17:18:41.841] [debug] [:] Message saved to database with id: 18
[2026-04-19 17:18:41.841] [debug] [:] Storage::SaveCorrelation: msg_id=18, corr_id=12944196839608242251, sender=bob
[2026-04-19 17:18:41.845] [info] [:] Correlation saved: message_id=18, corr_id=12944196839608242251, original_sender=bob
[2026-04-19 17:18:41.845] [debug] [:] Saved correlation: message_id=18, corr_id=12944196839608242251, sender=bob
[2026-04-19 17:18:41.845] [info] [:] Destination alice offline, message 18 stored in database
[2026-04-19 17:18:51.483] [debug] [:] ZMQ_POLLIN event received
[2026-04-19 17:18:51.483] [debug] [:] Deserialized: Message{type=Unregister, flags=0, corr_id=0, sender=bob, dest=, payload_size=0}
[2026-04-19 17:18:51.483] [debug] [:] Routing message: Message{type=Unregister, flags=0, corr_id=0, sender=bob, dest=, payload_size=0}
[2026-04-19 17:18:51.484] [info] [:] Client bob explicitly unregistering
[2026-04-19 17:18:51.484] [debug] [:] No queued messages to persist for bob
[2026-04-19 17:18:51.484] [debug] [:] Client bob marked as offline
[2026-04-19 17:18:51.484] [debug] [:] Client unregistered: bob
[2026-04-19 17:18:51.484] [info] [:] Client bob unregistered successfully
[2026-04-19 17:18:51.484] [debug] [:] No queued messages to persist for bob
[2026-04-19 17:18:51.484] [debug] [:] Session destroyed for client: bob
[2026-04-19 17:18:56.188] [debug] [:] ZMQ_POLLIN event received
[2026-04-19 17:18:56.188] [debug] [:] Deserialized: Message{type=Register, flags=0, corr_id=0, sender=alice, dest=, payload_size=0}
[2026-04-19 17:18:56.188] [debug] [:] Routing message: Message{type=Register, flags=0, corr_id=0, sender=alice, dest=, payload_size=0}
[2026-04-19 17:18:56.188] [info] [:] Registering client: alice
[2026-04-19 17:18:56.188] [debug] [:] Session created for identity with size: 5
[2026-04-19 17:18:56.188] [debug] [:] Client registered: alice
[2026-04-19 17:18:56.188] [info] [:] Client alice registered successfully
[2026-04-19 17:18:56.189] [debug] [:] Loaded 1 pending messages for client: alice
[2026-04-19 17:18:56.189] [info] [:] Delivering 1 offline messages to: alice
[2026-04-19 17:18:56.197] [debug] [:] Message 18 marked as sent (waiting for ACK), 1 rows affected
[2026-04-19 17:18:56.197] [debug] [:] Message sent to client alice: Message{type=Message, flags=2, corr_id=12944196839608242251, sender=bob, dest=alice, payload_size=44}
[2026-04-19 17:18:56.197] [debug] [:] Delivered offline message id=18 to alice, waiting for ACK
[2026-04-19 17:18:56.197] [debug] [:] Flushing queue for client alice, size: 0
[2026-04-19 17:18:56.197] [debug] [:] DeliverPendingReplies called for client: alice
[2026-04-19 17:18:56.197] [debug] [:] Loaded 0 unique pending replies for sender: alice
[2026-04-19 17:18:56.197] [debug] [:] No pending replies for client: alice
[2026-04-19 17:18:56.197] [info] [:] === Active clients (1) ===
[2026-04-19 17:18:56.197] [info] [:]   - alice (identity size: 5, queue size: 0)
[2026-04-19 17:18:56.208] [debug] [:] ZMQ_POLLIN event received
[2026-04-19 17:18:56.208] [debug] [:] Deserialized: Message{type=Ack, flags=0, corr_id=12944196839608242251, sender=alice, dest=bob, payload_size=0}
[2026-04-19 17:18:56.208] [debug] [:] Routing message: Message{type=Ack, flags=0, corr_id=12944196839608242251, sender=alice, dest=bob, payload_size=0}
[2026-04-19 17:18:56.208] [debug] [:] Handling ACK for correlation_id: 12944196839608242251
[2026-04-19 17:18:56.208] [debug] [:] Found original sender 'bob' for correlation_id=12944196839608242251
[2026-04-19 17:18:56.208] [debug] [:] Found message_id=18 for correlation_id=12944196839608242251
[2026-04-19 17:18:56.211] [debug] [:] Message 18 marked as delivered
[2026-04-19 17:18:56.211] [debug] [:] Preserved correlation for message 18: ACK from alice != original sender bob
[2026-04-19 17:18:56.211] [info] [:] Message 18 marked as DELIVERED after ACK from alice
[2026-04-19 17:18:56.211] [debug] [:] Original sender bob offline, storing ACK notification
[2026-04-19 17:18:56.213] [debug] [:] Message saved to database, id: 19, status: 0, corr_id: 12944196839608242251
[2026-04-19 17:18:56.213] [debug] [:] ACK notification stored in database with id: 19
[2026-04-19 17:19:04.468] [debug] [:] ZMQ_POLLIN event received
[2026-04-19 17:19:04.468] [debug] [:] Deserialized: Message{type=Register, flags=0, corr_id=0, sender=bob, dest=, payload_size=0}
[2026-04-19 17:19:04.468] [debug] [:] Routing message: Message{type=Register, flags=0, corr_id=0, sender=bob, dest=, payload_size=0}
[2026-04-19 17:19:04.468] [info] [:] Registering client: bob
[2026-04-19 17:19:04.468] [debug] [:] Session created for identity with size: 3
[2026-04-19 17:19:04.468] [debug] [:] Client registered: bob
[2026-04-19 17:19:04.468] [info] [:] Client bob registered successfully
[2026-04-19 17:19:04.468] [debug] [:] Loaded 1 pending messages for client: bob
[2026-04-19 17:19:04.468] [info] [:] Delivering 1 offline messages to: bob
[2026-04-19 17:19:04.468] [debug] [:] Message sent to client bob: Message{type=Ack, flags=0, corr_id=12944196839608242251, sender=alice, dest=bob, payload_size=0}
[2026-04-19 17:19:04.476] [debug] [:] Message 19 marked as delivered
[2026-04-19 17:19:04.476] [debug] [:] Delivered offline message id=19 to bob (no ACK needed)
[2026-04-19 17:19:04.476] [debug] [:] Flushing queue for client bob, size: 0
[2026-04-19 17:19:04.476] [debug] [:] DeliverPendingReplies called for client: bob
[2026-04-19 17:19:04.476] [debug] [:] Loaded 0 unique pending replies for sender: bob
[2026-04-19 17:19:04.476] [debug] [:] No pending replies for client: bob
[2026-04-19 17:19:04.476] [info] [:] === Active clients (2) ===
[2026-04-19 17:19:04.476] [info] [:]   - bob (identity size: 3, queue size: 0)
[2026-04-19 17:19:04.476] [info] [:]   - alice (identity size: 5, queue size: 0)
[2026-04-19 17:20:26.227] [debug] [:] ZMQ_POLLIN event received
[2026-04-19 17:20:26.228] [debug] [:] Deserialized: Message{type=Message, flags=0, corr_id=2894688238866427497, sender=bob, dest=alice, payload_size=25}
[2026-04-19 17:20:26.228] [debug] [:] Routing message: Message{type=Message, flags=0, corr_id=2894688238866427497, sender=bob, dest=alice, payload_size=25}
[2026-04-19 17:20:26.228] [debug] [:] Routing message to: alice
[2026-04-19 17:20:26.236] [debug] [:] Message saved to database, id: 20, status: 0, corr_id: 2894688238866427497
[2026-04-19 17:20:26.236] [debug] [:] Message saved to database with id: 20
[2026-04-19 17:20:26.236] [debug] [:] Destination alice online, sending immediately
[2026-04-19 17:20:26.237] [debug] [:] Message sent to client alice: Message{type=Message, flags=0, corr_id=2894688238866427497, sender=bob, dest=alice, payload_size=25}
[2026-04-19 17:20:26.243] [debug] [:] Message 20 marked as delivered
[2026-04-19 17:20:26.243] [debug] [:] Message 20 delivered and marked as delivered
[2026-04-19 17:20:42.956] [debug] [:] ZMQ_POLLIN event received
[2026-04-19 17:20:42.956] [debug] [:] Deserialized: Message{type=Message, flags=0, corr_id=9157788044254481694, sender=alice, dest=bob, payload_size=21}
[2026-04-19 17:20:42.956] [debug] [:] Routing message: Message{type=Message, flags=0, corr_id=9157788044254481694, sender=alice, dest=bob, payload_size=21}
[2026-04-19 17:20:42.956] [debug] [:] Routing message to: bob
[2026-04-19 17:20:42.965] [debug] [:] Message saved to database, id: 21, status: 0, corr_id: 9157788044254481694
[2026-04-19 17:20:42.965] [debug] [:] Message saved to database with id: 21
[2026-04-19 17:20:42.965] [debug] [:] Destination bob online, sending immediately
[2026-04-19 17:20:42.965] [debug] [:] Message sent to client bob: Message{type=Message, flags=0, corr_id=9157788044254481694, sender=alice, dest=bob, payload_size=21}
[2026-04-19 17:20:42.969] [debug] [:] Message 21 marked as delivered
[2026-04-19 17:20:42.969] [debug] [:] Message 21 delivered and marked as delivered
[2026-04-19 17:24:17.653] [debug] [:] ZMQ_POLLIN event received
[2026-04-19 17:24:17.653] [debug] [:] Deserialized: Message{type=Unregister, flags=0, corr_id=0, sender=alice, dest=, payload_size=0}
[2026-04-19 17:24:17.653] [debug] [:] Routing message: Message{type=Unregister, flags=0, corr_id=0, sender=alice, dest=, payload_size=0}
[2026-04-19 17:24:17.653] [info] [:] Client alice explicitly unregistering
[2026-04-19 17:24:17.653] [debug] [:] No queued messages to persist for alice
[2026-04-19 17:24:17.653] [debug] [:] Client alice marked as offline
[2026-04-19 17:24:17.653] [debug] [:] Client unregistered: alice
[2026-04-19 17:24:17.653] [info] [:] Client alice unregistered successfully
[2026-04-19 17:24:17.653] [debug] [:] No queued messages to persist for alice
[2026-04-19 17:24:17.653] [debug] [:] Session destroyed for client: alice
[2026-04-19 17:25:59.295] [debug] [:] ZMQ_POLLIN event received
[2026-04-19 17:25:59.295] [debug] [:] Deserialized: Message{type=Message, flags=0, corr_id=13339947482790527117, sender=bob, dest=alice, payload_size=36}
[2026-04-19 17:25:59.295] [debug] [:] Routing message: Message{type=Message, flags=0, corr_id=13339947482790527117, sender=bob, dest=alice, payload_size=36}
[2026-04-19 17:25:59.295] [debug] [:] Routing message to: alice
[2026-04-19 17:25:59.301] [debug] [:] Message saved to database, id: 22, status: 0, corr_id: 13339947482790527117
[2026-04-19 17:25:59.301] [debug] [:] Message saved to database with id: 22
[2026-04-19 17:25:59.301] [info] [:] Destination alice offline, message 22 stored in database
[2026-04-19 17:26:08.810] [debug] [:] ZMQ_POLLIN event received
[2026-04-19 17:26:08.810] [debug] [:] Deserialized: Message{type=Message, flags=0, corr_id=935463951483369876, sender=bob, dest=alice, payload_size=36}
[2026-04-19 17:26:08.810] [debug] [:] Routing message: Message{type=Message, flags=0, corr_id=935463951483369876, sender=bob, dest=alice, payload_size=36}
[2026-04-19 17:26:08.810] [debug] [:] Routing message to: alice
[2026-04-19 17:26:08.819] [debug] [:] Message saved to database, id: 23, status: 0, corr_id: 935463951483369876
[2026-04-19 17:26:08.820] [debug] [:] Message saved to database with id: 23
[2026-04-19 17:26:08.820] [info] [:] Destination alice offline, message 23 stored in database
[2026-04-19 17:26:24.744] [debug] [:] ZMQ_POLLIN event received
[2026-04-19 17:26:24.744] [debug] [:] Deserialized: Message{type=Unregister, flags=0, corr_id=0, sender=bob, dest=, payload_size=0}
[2026-04-19 17:26:24.744] [debug] [:] Routing message: Message{type=Unregister, flags=0, corr_id=0, sender=bob, dest=, payload_size=0}
[2026-04-19 17:26:24.744] [info] [:] Client bob explicitly unregistering
[2026-04-19 17:26:24.744] [debug] [:] No queued messages to persist for bob
[2026-04-19 17:26:24.744] [debug] [:] Client bob marked as offline
[2026-04-19 17:26:24.744] [debug] [:] Client unregistered: bob
[2026-04-19 17:26:24.744] [info] [:] Client bob unregistered successfully
[2026-04-19 17:26:24.744] [debug] [:] No queued messages to persist for bob
[2026-04-19 17:26:24.744] [debug] [:] Session destroyed for client: bob
[2026-04-19 17:26:31.600] [debug] [:] ZMQ_POLLIN event received
[2026-04-19 17:26:31.600] [debug] [:] Deserialized: Message{type=Register, flags=0, corr_id=0, sender=alice, dest=, payload_size=0}
[2026-04-19 17:26:31.600] [debug] [:] Routing message: Message{type=Register, flags=0, corr_id=0, sender=alice, dest=, payload_size=0}
[2026-04-19 17:26:31.600] [info] [:] Registering client: alice
[2026-04-19 17:26:31.600] [debug] [:] Session created for identity with size: 5
[2026-04-19 17:26:31.600] [debug] [:] Client registered: alice
[2026-04-19 17:26:31.600] [info] [:] Client alice registered successfully
[2026-04-19 17:26:31.600] [debug] [:] Loaded 2 pending messages for client: alice
[2026-04-19 17:26:31.600] [info] [:] Delivering 2 offline messages to: alice
[2026-04-19 17:26:31.600] [debug] [:] Message sent to client alice: Message{type=Message, flags=0, corr_id=13339947482790527117, sender=bob, dest=alice, payload_size=36}
[2026-04-19 17:26:31.609] [debug] [:] Message 22 marked as delivered
[2026-04-19 17:26:31.609] [debug] [:] Delivered offline message id=22 to alice (no ACK needed)
[2026-04-19 17:26:31.609] [debug] [:] Message sent to client alice: Message{type=Message, flags=0, corr_id=935463951483369876, sender=bob, dest=alice, payload_size=36}
[2026-04-19 17:26:31.612] [debug] [:] Message 23 marked as delivered
[2026-04-19 17:26:31.612] [debug] [:] Delivered offline message id=23 to alice (no ACK needed)
[2026-04-19 17:26:31.612] [debug] [:] Flushing queue for client alice, size: 0
[2026-04-19 17:26:31.612] [debug] [:] DeliverPendingReplies called for client: alice
[2026-04-19 17:26:31.612] [debug] [:] Loaded 0 unique pending replies for sender: alice
[2026-04-19 17:26:31.612] [debug] [:] No pending replies for client: alice
[2026-04-19 17:26:31.612] [info] [:] === Active clients (1) ===
[2026-04-19 17:26:31.612] [info] [:]   - alice (identity size: 5, queue size: 0)
[2026-04-19 17:26:48.784] [debug] [:] ZMQ_POLLIN event received
[2026-04-19 17:26:48.784] [debug] [:] Deserialized: Message{type=Register, flags=0, corr_id=0, sender=bob, dest=, payload_size=0}
[2026-04-19 17:26:48.784] [debug] [:] Routing message: Message{type=Register, flags=0, corr_id=0, sender=bob, dest=, payload_size=0}
[2026-04-19 17:26:48.784] [info] [:] Registering client: bob
[2026-04-19 17:26:48.784] [debug] [:] Session created for identity with size: 3
[2026-04-19 17:26:48.784] [debug] [:] Client registered: bob
[2026-04-19 17:26:48.784] [info] [:] Client bob registered successfully
[2026-04-19 17:26:48.784] [debug] [:] Loaded 0 pending messages for client: bob
[2026-04-19 17:26:48.784] [debug] [:] No pending messages for client: bob
[2026-04-19 17:26:48.784] [debug] [:] DeliverPendingReplies called for client: bob
[2026-04-19 17:26:48.784] [debug] [:] Loaded 0 unique pending replies for sender: bob
[2026-04-19 17:26:48.784] [debug] [:] No pending replies for client: bob
[2026-04-19 17:26:48.784] [info] [:] === Active clients (2) ===
[2026-04-19 17:26:48.784] [info] [:]   - bob (identity size: 3, queue size: 0)
[2026-04-19 17:26:48.784] [info] [:]   - alice (identity size: 5, queue size: 0)
[2026-04-19 17:27:05.268] [debug] [:] ZMQ_POLLIN event received
[2026-04-19 17:27:05.268] [debug] [:] Deserialized: Message{type=Message, flags=1, corr_id=7898685301927194618, sender=alice, dest=bob, payload_size=37}
[2026-04-19 17:27:05.268] [debug] [:] Routing message: Message{type=Message, flags=1, corr_id=7898685301927194618, sender=alice, dest=bob, payload_size=37}
[2026-04-19 17:27:05.268] [debug] [:] Routing message to: bob
[2026-04-19 17:27:05.277] [debug] [:] Message saved to database, id: 24, status: 0, corr_id: 7898685301927194618
[2026-04-19 17:27:05.277] [debug] [:] Message saved to database with id: 24
[2026-04-19 17:27:05.277] [debug] [:] Storage::SaveCorrelation: msg_id=24, corr_id=7898685301927194618, sender=alice
[2026-04-19 17:27:05.281] [info] [:] Correlation saved: message_id=24, corr_id=7898685301927194618, original_sender=alice
[2026-04-19 17:27:05.281] [debug] [:] Saved correlation: message_id=24, corr_id=7898685301927194618, sender=alice
[2026-04-19 17:27:05.281] [debug] [:] Destination bob online, sending immediately
[2026-04-19 17:27:05.281] [debug] [:] Message sent to client bob: Message{type=Message, flags=1, corr_id=7898685301927194618, sender=alice, dest=bob, payload_size=37}
[2026-04-19 17:27:05.284] [debug] [:] Message 24 marked as delivered
[2026-04-19 17:27:05.284] [debug] [:] Message 24 delivered and marked as delivered
[2026-04-19 17:27:05.295] [debug] [:] ZMQ_POLLIN event received
[2026-04-19 17:27:05.295] [debug] [:] Deserialized: Message{type=Reply, flags=0, corr_id=7898685301927194618, sender=bob, dest=alice, payload_size=52}
[2026-04-19 17:27:05.295] [debug] [:] Routing message: Message{type=Reply, flags=0, corr_id=7898685301927194618, sender=bob, dest=alice, payload_size=52}
[2026-04-19 17:27:05.295] [debug] [:] Handling reply with correlation_id: 7898685301927194618
[2026-04-19 17:27:05.295] [debug] [:] Found original sender 'alice' for correlation_id=7898685301927194618
[2026-04-19 17:27:05.295] [debug] [:] Reply redirected to original sender: alice
[2026-04-19 17:27:05.299] [debug] [:] Message saved to database, id: 25, status: 0, corr_id: 7898685301927194618
[2026-04-19 17:27:05.299] [debug] [:] Reply saved to database with id: 25
[2026-04-19 17:27:05.299] [debug] [:] Storage::SaveCorrelation: msg_id=25, corr_id=7898685301927194618, sender=alice
[2026-04-19 17:27:05.303] [info] [:] Correlation saved: message_id=25, corr_id=7898685301927194618, original_sender=alice
[2026-04-19 17:27:05.303] [debug] [:] Saved correlation for reply: message_id=25, corr_id=7898685301927194618, owner=alice
[2026-04-19 17:27:05.303] [debug] [:] Message sent to client alice: Message{type=Reply, flags=0, corr_id=7898685301927194618, sender=bob, dest=alice, payload_size=52}
[2026-04-19 17:27:05.306] [debug] [:] Message 25 marked as delivered
[2026-04-19 17:27:29.690] [debug] [:] ZMQ_POLLIN event received
[2026-04-19 17:27:29.691] [debug] [:] Deserialized: Message{type=Message, flags=2, corr_id=4949378092558159255, sender=bob, dest=alice, payload_size=44}
[2026-04-19 17:27:29.691] [debug] [:] Routing message: Message{type=Message, flags=2, corr_id=4949378092558159255, sender=bob, dest=alice, payload_size=44}
[2026-04-19 17:27:29.691] [debug] [:] Routing message to: alice
[2026-04-19 17:27:29.700] [debug] [:] Message saved to database, id: 26, status: 0, corr_id: 4949378092558159255
[2026-04-19 17:27:29.700] [debug] [:] Message saved to database with id: 26
[2026-04-19 17:27:29.700] [debug] [:] Storage::SaveCorrelation: msg_id=26, corr_id=4949378092558159255, sender=bob
[2026-04-19 17:27:29.704] [info] [:] Correlation saved: message_id=26, corr_id=4949378092558159255, original_sender=bob
[2026-04-19 17:27:29.704] [debug] [:] Saved correlation: message_id=26, corr_id=4949378092558159255, sender=bob
[2026-04-19 17:27:29.704] [debug] [:] Destination alice online, sending immediately
[2026-04-19 17:27:29.707] [debug] [:] Message 26 marked as sent (waiting for ACK), 1 rows affected
[2026-04-19 17:27:29.707] [debug] [:] Message 26 marked as SENT, waiting for ACK
[2026-04-19 17:27:29.708] [debug] [:] Message sent to client alice: Message{type=Message, flags=2, corr_id=4949378092558159255, sender=bob, dest=alice, payload_size=44}
[2026-04-19 17:27:29.726] [debug] [:] ZMQ_POLLIN event received
[2026-04-19 17:27:29.726] [debug] [:] Deserialized: Message{type=Ack, flags=0, corr_id=4949378092558159255, sender=alice, dest=bob, payload_size=0}
[2026-04-19 17:27:29.726] [debug] [:] Routing message: Message{type=Ack, flags=0, corr_id=4949378092558159255, sender=alice, dest=bob, payload_size=0}
[2026-04-19 17:27:29.726] [debug] [:] Handling ACK for correlation_id: 4949378092558159255
[2026-04-19 17:27:29.726] [debug] [:] Found original sender 'bob' for correlation_id=4949378092558159255
[2026-04-19 17:27:29.726] [debug] [:] Found message_id=26 for correlation_id=4949378092558159255
[2026-04-19 17:27:29.728] [debug] [:] Message 26 marked as delivered
[2026-04-19 17:27:29.729] [debug] [:] Preserved correlation for message 26: ACK from alice != original sender bob
[2026-04-19 17:27:29.729] [info] [:] Message 26 marked as DELIVERED after ACK from alice
[2026-04-19 17:27:29.729] [debug] [:] Message sent to client bob: Message{type=Ack, flags=0, corr_id=4949378092558159255, sender=alice, dest=bob, payload_size=0}
[2026-04-19 17:27:29.729] [debug] [:] ACK notification sent to original sender: bob
[2026-04-19 17:28:07.804] [debug] [:] ZMQ_POLLIN event received
[2026-04-19 17:28:07.804] [debug] [:] Deserialized: Message{type=Register, flags=0, corr_id=0, sender=charlie, dest=, payload_size=0}
[2026-04-19 17:28:07.804] [debug] [:] Routing message: Message{type=Register, flags=0, corr_id=0, sender=charlie, dest=, payload_size=0}
[2026-04-19 17:28:07.804] [info] [:] Registering client: charlie
[2026-04-19 17:28:07.804] [debug] [:] Session created for identity with size: 7
[2026-04-19 17:28:07.804] [debug] [:] Client registered: charlie
[2026-04-19 17:28:07.804] [info] [:] Client charlie registered successfully
[2026-04-19 17:28:07.804] [debug] [:] Loaded 0 pending messages for client: charlie
[2026-04-19 17:28:07.804] [debug] [:] No pending messages for client: charlie
[2026-04-19 17:28:07.804] [debug] [:] DeliverPendingReplies called for client: charlie
[2026-04-19 17:28:07.804] [debug] [:] Loaded 0 unique pending replies for sender: charlie
[2026-04-19 17:28:07.804] [debug] [:] No pending replies for client: charlie
[2026-04-19 17:28:07.804] [info] [:] === Active clients (3) ===
[2026-04-19 17:28:07.804] [info] [:]   - charlie (identity size: 7, queue size: 0)
[2026-04-19 17:28:07.804] [info] [:]   - bob (identity size: 3, queue size: 0)
[2026-04-19 17:28:07.804] [info] [:]   - alice (identity size: 5, queue size: 0)
[2026-04-19 17:28:26.062] [debug] [:] ZMQ_POLLIN event received
[2026-04-19 17:28:26.062] [debug] [:] Deserialized: Message{type=Message, flags=0, corr_id=4670317761808084379, sender=charlie, dest=alice, payload_size=29}
[2026-04-19 17:28:26.062] [debug] [:] Routing message: Message{type=Message, flags=0, corr_id=4670317761808084379, sender=charlie, dest=alice, payload_size=29}
[2026-04-19 17:28:26.062] [debug] [:] Routing message to: alice
[2026-04-19 17:28:26.071] [debug] [:] Message saved to database, id: 27, status: 0, corr_id: 4670317761808084379
[2026-04-19 17:28:26.071] [debug] [:] Message saved to database with id: 27
[2026-04-19 17:28:26.071] [debug] [:] Destination alice online, sending immediately
[2026-04-19 17:28:26.072] [debug] [:] Message sent to client alice: Message{type=Message, flags=0, corr_id=4670317761808084379, sender=charlie, dest=alice, payload_size=29}
[2026-04-19 17:28:26.075] [debug] [:] Message 27 marked as delivered
[2026-04-19 17:28:26.075] [debug] [:] Message 27 delivered and marked as delivered
[2026-04-19 17:28:38.862] [debug] [:] ZMQ_POLLIN event received
[2026-04-19 17:28:38.862] [debug] [:] Deserialized: Message{type=Message, flags=0, corr_id=9517595341792810006, sender=charlie, dest=bob, payload_size=24}
[2026-04-19 17:28:38.862] [debug] [:] Routing message: Message{type=Message, flags=0, corr_id=9517595341792810006, sender=charlie, dest=bob, payload_size=24}
[2026-04-19 17:28:38.862] [debug] [:] Routing message to: bob
[2026-04-19 17:28:38.871] [debug] [:] Message saved to database, id: 28, status: 0, corr_id: 9517595341792810006
[2026-04-19 17:28:38.871] [debug] [:] Message saved to database with id: 28
[2026-04-19 17:28:38.871] [debug] [:] Destination bob online, sending immediately
[2026-04-19 17:28:38.871] [debug] [:] Message sent to client bob: Message{type=Message, flags=0, corr_id=9517595341792810006, sender=charlie, dest=bob, payload_size=24}
[2026-04-19 17:28:38.875] [debug] [:] Message 28 marked as delivered
[2026-04-19 17:28:38.875] [debug] [:] Message 28 delivered and marked as delivered
[2026-04-19 17:28:50.635] [debug] [:] ZMQ_POLLIN event received
[2026-04-19 17:28:50.635] [debug] [:] Deserialized: Message{type=Message, flags=0, corr_id=3368957217315644151, sender=bob, dest=charlie, payload_size=15}
[2026-04-19 17:28:50.635] [debug] [:] Routing message: Message{type=Message, flags=0, corr_id=3368957217315644151, sender=bob, dest=charlie, payload_size=15}
[2026-04-19 17:28:50.635] [debug] [:] Routing message to: charlie
[2026-04-19 17:28:50.644] [debug] [:] Message saved to database, id: 29, status: 0, corr_id: 3368957217315644151
[2026-04-19 17:28:50.644] [debug] [:] Message saved to database with id: 29
[2026-04-19 17:28:50.644] [debug] [:] Destination charlie online, sending immediately
[2026-04-19 17:28:50.644] [debug] [:] Message sent to client charlie: Message{type=Message, flags=0, corr_id=3368957217315644151, sender=bob, dest=charlie, payload_size=15}
[2026-04-19 17:28:50.648] [debug] [:] Message 29 marked as delivered
[2026-04-19 17:28:50.648] [debug] [:] Message 29 delivered and marked as delivered
[2026-04-19 17:29:06.485] [debug] [:] ZMQ_POLLIN event received
[2026-04-19 17:29:06.485] [debug] [:] Deserialized: Message{type=Message, flags=0, corr_id=7293814143550043501, sender=alice, dest=bob, payload_size=25}
[2026-04-19 17:29:06.485] [debug] [:] Routing message: Message{type=Message, flags=0, corr_id=7293814143550043501, sender=alice, dest=bob, payload_size=25}
[2026-04-19 17:29:06.485] [debug] [:] Routing message to: bob
[2026-04-19 17:29:06.494] [debug] [:] Message saved to database, id: 30, status: 0, corr_id: 7293814143550043501
[2026-04-19 17:29:06.494] [debug] [:] Message saved to database with id: 30
[2026-04-19 17:29:06.494] [debug] [:] Destination bob online, sending immediately
[2026-04-19 17:29:06.494] [debug] [:] Message sent to client bob: Message{type=Message, flags=0, corr_id=7293814143550043501, sender=alice, dest=bob, payload_size=25}
[2026-04-19 17:29:06.497] [debug] [:] Message 30 marked as delivered
[2026-04-19 17:29:06.498] [debug] [:] Message 30 delivered and marked as delivered
[2026-04-19 17:29:26.623] [debug] [:] ZMQ_POLLIN event received
[2026-04-19 17:29:26.623] [debug] [:] Deserialized: Message{type=Unregister, flags=0, corr_id=0, sender=alice, dest=, payload_size=0}
[2026-04-19 17:29:26.623] [debug] [:] Routing message: Message{type=Unregister, flags=0, corr_id=0, sender=alice, dest=, payload_size=0}
[2026-04-19 17:29:26.623] [info] [:] Client alice explicitly unregistering
[2026-04-19 17:29:26.623] [debug] [:] No queued messages to persist for alice
[2026-04-19 17:29:26.623] [debug] [:] Client alice marked as offline
[2026-04-19 17:29:26.623] [debug] [:] Client unregistered: alice
[2026-04-19 17:29:26.623] [info] [:] Client alice unregistered successfully
[2026-04-19 17:29:26.623] [debug] [:] No queued messages to persist for alice
[2026-04-19 17:29:26.623] [debug] [:] Session destroyed for client: alice
[2026-04-19 17:29:30.235] [debug] [:] ZMQ_POLLIN event received
[2026-04-19 17:29:30.235] [debug] [:] Deserialized: Message{type=Unregister, flags=0, corr_id=0, sender=charlie, dest=, payload_size=0}
[2026-04-19 17:29:30.235] [debug] [:] Routing message: Message{type=Unregister, flags=0, corr_id=0, sender=charlie, dest=, payload_size=0}
[2026-04-19 17:29:30.235] [info] [:] Client charlie explicitly unregistering
[2026-04-19 17:2