[2026-04-01 21:47:11.269] [info] [:] Starting Async Message Broker v1.0.0
[2026-04-01 21:47:11.269] [info] [:] Configuration: port=5555, db_path=./broker.db, threads=8, log_level=debug
[2026-04-01 21:47:11.270] [info] [:] Initializing server...
[2026-04-01 21:47:11.270] [info] [:] Storage initialized with path: ./broker.db
[2026-04-01 21:47:11.270] [info] [:] Router initialized
[2026-04-01 21:47:11.270] [info] [:] ZeroMQ ROUTER socket bound to tcp://*:5555
[2026-04-01 21:47:11.270] [debug] [:] ZeroMQ file descriptor: 9
[2026-04-01 21:47:11.270] [info] [:] ZeroMQ integrated with Boost.Asio via FD
[2026-04-01 21:47:11.270] [info] [:] Starting server...
[2026-04-01 21:47:11.270] [debug] [:] Asio thread started
[2026-04-01 21:47:11.270] [debug] [:] Asio thread started
[2026-04-01 21:47:11.270] [debug] [:] Asio thread started
[2026-04-01 21:47:11.270] [debug] [:] Asio thread started
[2026-04-01 21:47:11.270] [debug] [:] Asio thread started
[2026-04-01 21:47:11.270] [debug] [:] Asio thread started
[2026-04-01 21:47:11.270] [debug] [:] Asio thread started
[2026-04-01 21:47:11.270] [info] [:] Server started with 8 threads
[2026-04-01 21:47:11.270] [debug] [:] Asio thread started
[2026-04-01 21:47:20.395] [debug] [:] ZMQ_POLLIN event received
[2026-04-01 21:47:20.395] [debug] [:] Received identity: bob_client
[2026-04-01 21:47:20.395] [debug] [:] Received data, size: 18
[2026-04-01 21:47:20.396] [debug] [:] Deserialized: Message{type=Register, needs_reply=false, corr_id=0, sender=bob, dest=, payload_size=0}
[2026-04-01 21:47:20.396] [debug] [:] Routing message: Message{type=Register, needs_reply=false, corr_id=0, sender=bob, dest=, payload_size=0}
[2026-04-01 21:47:20.396] [info] [:] Registering client: bob
[2026-04-01 21:47:20.396] [debug] [:] ZmqSession created for identity with size: 10
[2026-04-01 21:47:20.396] [debug] [:] Client registered: bob (identity size: 10)
[2026-04-01 21:47:20.396] [info] [:] Client bob registered successfully
[2026-04-01 21:47:20.396] [info] [:] Delivering offline messages to: bob
[2026-04-01 21:47:20.396] [debug] [:] Flushing queue for client bob, size: 0
[2026-04-01 21:47:20.396] [info] [:] === Active clients (1) ===
[2026-04-01 21:47:20.396] [info] [:]   - bob (identity size: 10)
[2026-04-01 21:47:23.778] [debug] [:] ZMQ_POLLIN event received
[2026-04-01 21:47:23.778] [debug] [:] Received identity: test_client
[2026-04-01 21:47:23.778] [debug] [:] Received data, size: 19
[2026-04-01 21:47:23.778] [debug] [:] Deserialized: Message{type=Register, needs_reply=false, corr_id=0, sender=test, dest=, payload_size=0}
[2026-04-01 21:47:23.778] [debug] [:] Routing message: Message{type=Register, needs_reply=false, corr_id=0, sender=test, dest=, payload_size=0}
[2026-04-01 21:47:23.778] [info] [:] Registering client: test
[2026-04-01 21:47:23.778] [debug] [:] ZmqSession created for identity with size: 11
[2026-04-01 21:47:23.779] [debug] [:] Client registered: test (identity size: 11)
[2026-04-01 21:47:23.779] [info] [:] Client test registered successfully
[2026-04-01 21:47:23.779] [info] [:] Delivering offline messages to: test
[2026-04-01 21:47:23.779] [debug] [:] Flushing queue for client test, size: 0
[2026-04-01 21:47:23.779] [info] [:] === Active clients (2) ===
[2026-04-01 21:47:23.779] [info] [:]   - test (identity size: 11)
[2026-04-01 21:47:23.779] [info] [:]   - bob (identity size: 10)
[2026-04-01 21:47:24.278] [debug] [:] ZMQ_POLLIN event received
[2026-04-01 21:47:24.278] [debug] [:] Received identity: test_client
[2026-04-01 21:47:24.278] [debug] [:] Received data, size: 27
[2026-04-01 21:47:24.279] [debug] [:] Deserialized: Message{type=Message, needs_reply=true, corr_id=12345, sender=test, dest=bob, payload_size=5}
[2026-04-01 21:47:24.279] [debug] [:] Routing message: Message{type=Message, needs_reply=true, corr_id=12345, sender=test, dest=bob, payload_size=5}
[2026-04-01 21:47:24.279] [debug] [:] Routing message to: bob
[2026-04-01 21:47:24.279] [debug] [:] Destination bob online, sending immediately
[2026-04-01 21:47:24.279] [debug] [:] Message sent to client bob: Message{type=Message, ne