[2026-04-18 00:36:48.655] [info] [:] === Async Message Broker v1.0.0 ===
[2026-04-18 00:36:48.655] [info] [:] Configuration:
[2026-04-18 00:36:48.655] [info] [:]   Port: 5555
[2026-04-18 00:36:48.655] [info] [:]   Database: /home/flik/soft/OTUS/async-message-broker/broker_test.db
[2026-04-18 00:36:48.655] [info] [:]   Threads: 4
[2026-04-18 00:36:48.655] [info] [:]   Log level: debug
[2026-04-18 00:36:48.655] [info] [:]   Session timeout: 60s
[2026-04-18 00:36:48.655] [info] [:]   ACK timeout: 10s
[2026-04-18 00:36:48.655] [info] [:] =====================================
[2026-04-18 00:36:48.655] [debug] [:] Signal handlers configured
[2026-04-18 00:36:48.655] [info] [:] Initializing server...
[2026-04-18 00:36:48.656] [info] [:] Configuration: session_timeout=60s, ack_timeout=10s
[2026-04-18 00:36:48.656] [info] [:] Opening database: /home/flik/soft/OTUS/async-message-broker/broker_test.db
[2026-04-18 00:36:48.691] [debug] [:] Database tables created/verified
[2026-04-18 00:36:48.691] [info] [:] Storage initialized
[2026-04-18 00:36:48.691] [info] [:] Router initialized with ACK timeout: 10s
[2026-04-18 00:36:48.691] [info] [:] ZeroMQ ROUTER socket bound to tcp://*:5555
[2026-04-18 00:36:48.691] [debug] [:] TCP keepalive configured: idle=5s, interval=2s, count=2
[2026-04-18 00:36:48.691] [debug] [:] ZeroMQ file descriptor: 9
[2026-04-18 00:36:48.691] [info] [:] ZeroMQ integrated with Boost.Asio via FD
[2026-04-18 00:36:48.691] [debug] [:] Server thread started
[2026-04-18 00:36:48.691] [info] [:] Starting server...
[2026-04-18 00:36:48.691] [debug] [:] Worker thread #0 started
[2026-04-18 00:36:48.691] [debug] [:] Worker thread #1 started
[2026-04-18 00:36:48.691] [debug] [:] Worker thread #2 started
[2026-04-18 00:36:48.691] [info] [:] Server started with 4 worker threads
[2026-04-18 00:36:48.691] [debug] [:] Worker thread #3 started
[2026-04-18 00:36:51.673] [debug] [:] ZMQ_POLLIN event received
[2026-04-18 00:36:51.673] [debug] [:] Deserialized: Message{type=Register, flags=0, corr_id=0, sender=alice, dest=, payload_size=0}
[2026-04-18 00:36:51.673] [debug] [:] Routing message: Message{type=Register, flags=0, corr_id=0, sender=alice, dest=, payload_size=0}
[2026-04-18 00:36:51.673] [info] [:] Registering client: alice
[2026-04-18 00:36:51.673] [debug] [:] Session created for identity with size: 5
[2026-04-18 00:36:51.673] [debug] [:] Client registered: alice
[2026-04-18 00:36:51.673] [info] [:] Client alice registered successfully
[2026-04-18 00:36:51.673] [debug] [:] Loaded 0 pending messages for client: alice
[2026-04-18 00:36:51.673] [debug] [:] No pending messages for client: alice
[2026-04-18 00:36:51.673] [debug] [:] DeliverPendingReplies called for client: alice
[2026-04-18 00:36:51.673] [debug] [:] Loaded 0 unique pending replies for sender: alice
[2026-04-18 00:36:51.674] [debug] [:] No pending replies for client: alice
[2026-04-18 00:36:51.674] [info] [:] === Active clients (1) ===
[2026-04-18 00:36:51.674] [info] [:]   - alice (identity size: 5, queue size: 0)
[2026-04-18 00:36:51.674] [debug] [:] Deserialized: Message{type=Unregister, flags=0, corr_id=0, sender=alice, dest=, payload_size=0}
[2026-04-18 00:36:51.674] [debug] [:] Routing message: Message{type=Unregister, flags=0, corr_id=0, sender=alice, dest=, payload_size=0}
[2026-04-18 00:36:51.674] [info] [:] Client alice explicitly unregistering
[2026-04-18 00:36:51.674] [debug] [:] No queued messages to persist for alice
[2026-04-18 00:36:51.674] [debug] [:] Client alice marked as offline
[2026-04-18 00:36:51.674] [debug] [:] Client unregistered: alice
[2026-04-18 00:36:51.674] [info] [:] Client alice unregistered successfully
[2026-04-18 00:36:51.674] [debug] [:] No queued messages to persist for alice
[2026-04-18 00:36:51.674] [debug] [:] Session destroyed for client: alice
[2026-04-18 00:36:53.670] [debug] [:] ZMQ_POLLIN event received
[2026-04-18 00:36:53.670] [debug] [:] Deserialized: Message{type=Register, flags=0, corr_id=0, sender=bob, dest=, payload_size=0}
[2026-04-18 00:36:53.670] [debug] [:] Routing message: Message{type=Register, flags=0, corr_id=0, sender=bob, dest=, payload_size=0}
[2026-04-18 00:36:53.670] [info] [:] Registering client: bob
[2026-04-18 00:36:53.671] [debug] [:] Session created for identity with size: 3
[2026-04-18 00:36:53.671] [debug] [:] Client registered: bob
[2026-04-18 00:36:53.671] [info] [:] Client bob registered successfully
[2026-04-18 00:36:53.671] [debug] [:] Loaded 0 pending messages for client: bob
[2026-04-18 00:36:53.671] [debug] [:] No pending messages for client: bob
[2026-04-18 00:36:53.671] [debug] [:] DeliverPendingReplies called for client: bob
[2026-04-18 00:36:53.671] [debug] [:] Loaded 0 unique pending replies for sender: bob
[2026-04-18 00:36:53.671] [debug] [:] No pending replies for client: bob
[2026-04-18 00:36:53.671] [info] [:] === Active clients (1) ===
[2026-04-18 00:36:53.671] [info] [:]   - bob (identity size: 3, queue size: 0)
[2026-04-18 00:36:53.671] [debug] [:] Deserialized: Message{type=Message, flags=0, corr_id=1271275609323260053, sender=bob, dest=alice, payload_size=15}
[2026-04-18 00:36:53.671] [debug] [:] Routing message: Message{type=Message, flags=0, corr_id=1271275609323260053, sender=bob, dest=alice, payload_size=15}
[2026-04-18 00:36:53.671] [debug] [:] Routing message to: alice
[2026-04-18 00:36:53.679] [debug] [:] Message saved to database, id: 1, status: 0, corr_id: 1271275609323260053
[2026-04-18 00:36:53.679] [debug] [:] Message saved to database with id: 1
[2026-04-18 00:36:53.679] [info] [:] Destination alice offline, message 1 stored in database
[2026-04-18 00:36:53.679] [debug] [:] Deserialized: Message{type=Unregister, flags=0, corr_id=0, sender=bob, dest=, payload_size=0}
[2026-04-18 00:36:53.679] [debug] [:] Routing message: Message{type=Unregister, flags=0, corr_id=0, sender=bob, dest=, payload_size=0}
[2026-04-18 00:36:53.679] [info] [:] Client bob explicitly unregistering
[2026-04-18 00:36:53.680] [debug] [:] No queued messages to persist for bob
[2026-04-18 00:36:53.680] [debug] [:] Client bob marked as offline
[2026-04-18 00:36:53.680] [debug] [:] Client unregistered: bob
[2026-04-18 00:36:53.680] [info] [:] Client bob unregistered successfully
[2026-04-18 00:36:53.680] [debug] [:] No queued messages to persist for bob
[2026-04-18 00:36:53.680] [debug] [:] Session destroyed for client: bob
[2026-04-18 00:36:55.700] [debug] [:] ZMQ_POLLIN event received
[2026-04-18 00:36:55.700] [debug] [:] Deserialized: Message{type=Register, flags=0, corr_id=0, sender=bob, dest=, payload_size=0}
[2026-04-18 00:36:55.700] [debug] [:] Routing message: Message{type=Register, flags=0, corr_id=0, sender=bob, dest=, payload_size=0}
[2026-04-18 00:36:55.700] [info] [:] Registering client: bob
[2026-04-18 00:36:55.700] [debug] [:] Session created for identity with size: 3
[2026-04-18 00:36:55.700] [debug] [:] Client registered: bob
[2026-04-18 00:36:55.700] [info] [:] Client bob registered successfully
[2026-04-18 00:36:55.700] [debug] [:] Loaded 0 pending messages for client: bob
[2026-04-18 00:36:55.700] [debug] [:] No pending messages for client: bob
[2026-04-18 00:36:55.700] [debug] [:] DeliverPendingReplies called for client: bob
[2026-04-18 00:36:55.700] [debug] [:] Loaded 0 unique pending replies for sender: bob
[2026-04-18 00:36:55.700] [debug] [:] No pending replies for client: bob
[2026-04-18 00:36:55.700] [info] [:] === Active clients (1) ===
[2026-04-18 00:36:55.700] [info] [:]   - bob (identity size: 3, queue size: 0)
[2026-04-18 00:36:55.700] [debug] [:] Deserialized: Message{type=Message, flags=0, corr_id=7230639876031100881, sender=bob, dest=alice, payload_size=28}
[2026-04-18 00:36:55.700] [debug] [:] Routing message: Message{type=Message, flags=0, corr_id=7230639876031100881, sender=bob, dest=alice, payload_size=28}
[2026-04-18 00:36:55.700] [debug] [:] Routing message to: alice
[2026-04-18 00:36:55.708] [debug] [:] Message saved to database, id: 2, status: 0, corr_id: 7230639876031100881
[2026-04-18 00:36:55.708] [debug] [:] Message saved to database with id: 2
[2026-04-18 00:36:55.708] [info] [:] Destination alice offline, message 2 stored in database
[2026-04-18 00:36:55.708] [debug] [:] Deserialized: Message{type=Unregister, flags=0, corr_id=0, sender=bob, dest=, payload_size=0}
[2026-04-18 00:36:55.708] [debug] [:] Routing message: Message{type=Unregister, flags=0, corr_id=0, sender=bob, dest=, payload_size=0}
[2026-04-18 00:36:55.708] [info] [:] Client bob explicitly unregistering
[2026-04-18 00:36:55.708] [debug] [:] No queued messages to persist for bob
[2026-04-18 00:36:55.708] [debug] [:] Client bob marked as offline
[2026-04-18 00:36:55.708] [debug] [:] Client unregistered: bob
[2026-04-18 00:36:55.708] [info] [:] Client bob unregistered successfully
[2026-04-18 00:36:55.708] [debug] [:] No queued messages to persist for bob
[2026-04-18 00:36:55.708] [debug] [:] Session destroyed for client: bob
[2026-04-18 00:36:57.724] [debug] [:] ZMQ_POLLIN event received
[2026-04-18 00:36:57.724] [debug] [:] Deserialized: Message{type=Register, flags=0, corr_id=0, sender=alice, dest=, payload_size=0}
[2026-04-18 00:36:57.724] [debug] [:] Routing message: Message{type=Register, flags=0, corr_id=0, sender=alice, dest=, payload_size=0}
[2026-04-18 00:36:57.724] [info] [:] Registering client: alice
[2026-04-18 00:36:57.724] [debug] [:] Session created for identity with size: 5
[2026-04-18 00:36:57.724] [debug] [:] Client registered: alice
[2026-04-18 00:36:57.724] [info] [:] Client alice registered successfully
[2026-04-18 00:36:57.724] [debug] [:] Loaded 2 pending messages for client: alice
[2026-04-18 00:36:57.724] [info] [:] Delivering 2 offline messages to: alice
[2026-04-18 00:36:57.724] [debug] [:] Message sent to client alice: Message{type=Message, flags=0, corr_id=1271275609323260053, sender=bob, dest=alice, payload_size=15}
[2026-04-18 00:36:57.729] [debug] [:] Message 1 marked as delivered
[2026-04-18 00:36:57.729] [debug] [:] Delivered offline message id=1 to alice (no ACK needed)
[2026-04-18 00:36:57.729] [debug] [:] Message sent to client alice: Message{type=Message, flags=0, corr_id=7230639876031100881, sender=bob, dest=alice, payload_size=28}
[2026-04-18 00:36:57.732] [debug] [:] Message 2 marked as delivered
[2026-04-18 00:36:57.732] [debug] [:] Delivered offline message id=2 to alice (no ACK needed)
[2026-04-18 00:36:57.732] [debug] [:] Flushing queue for client alice, size: 0
[2026-04-18 00:36:57.732] [debug] [:] DeliverPendingReplies called for client: alice
[2026-04-18 00:36:57.732] [debug] [:] Loaded 0 unique pending replies for sender: alice
[2026-04-18 00:36:57.732] [debug] [:] No pending replies for client: alice
[2026-04-18 00:36:57.732] [info] [:] === Active clients (1) ===
[2026-04-18 00:36:57.732] [info] [:]   - alice (identity size: 5, queue size: 0)
[2026-04-18 00:36:57.732] [debug] [:] Deserialized: Message{type=Unregister, flags=0, corr_id=0, sender=alice, dest=, payload_size=0}
[2026-04-18 00:36:57.732] [debug] [:] Routing message: Message{type=Unregister, flags=0, corr_id=0, sender=alice, dest=, payload_size=0}
[2026-04-18 00:36:57.732] [info] [:] Client alice explicitly unregistering
[2026-04-18 00:36:57.732] [debug] [:] No queued messages to persist for alice
[2026-04-18 00:36:57.732] [debug] [:] Client alice marked as offline
[2026-04-18 00:36:57.732] [debug] [:] Client unregistered: alice
[2026-04-18 00:36:57.732] [info] [:] Client alice unregistered successfully
[2026-04-18 00:36:57.732] [debug] [:] No queued messages to persist for alice
[2026-04-18 00:36:57.732] [debug] [:] Session destroyed for client: alice
[2026-04-18 00:36:59.745] [debug] [:] ZMQ_POLLIN event received
[2026-04-18 00:36:59.745] [debug] [:] Deserialized: Message{type=Register, flags=0, corr_id=0, sender=bob, dest=, payload_size=0}
[2026-04-18 00:36:59.745] [debug] [:] Routing message: Message{type=Register, flags=0, corr_id=0, sender=bob, dest=, payload_size=0}
[2026-04-18 00:36:59.745] [info] [:] Registering client: bob
[2026-04-18 00:36:59.745] [debug] [:] Session created for identity with size: 3
[2026-04-18 00:36:59.745] [debug] [:] Client registered: bob
[2026-04-18 00:36:59.745] [info] [:] Client bob registered successfully
[2026-04-18 00:36:59.745] [debug] [:] Loaded 0 pending messages for client: bob
[2026-04-18 00:36:59.745] [debug] [:] No pending messages for client: bob
[2026-04-18 00:36:59.745] [debug] [:] DeliverPendingReplies called for client: bob
[2026-04-18 00:36:59.745] [debug] [:] Loaded 0 unique pending replies for sender: bob
[2026-04-18 00:36:59.745] [debug] [:] No pending replies for client: bob
[2026-04-18 00:36:59.745] [info] [:] === Active clients (1) ===
[2026-04-18 00:36:59.745] [info] [:]   - bob (identity size: 3, queue size: 0)
[2026-04-18 00:36:59.745] [debug] [:] Deserialized: Message{type=Unregister, flags=0, corr_id=0, sender=bob, dest=, payload_size=0}
[2026-04-18 00:36:59.745] [debug] [:] Routing message: Message{type=Unregister, flags=0, corr_id=0, sender=bob, dest=, payload_size=0}
[2026-04-18 00:36:59.745] [info] [:] Client bob explicitly unregistering
[2026-04-18 00:36:59.745] [debug] [:] No queued messages to persist for bob
[2026-04-18 00:36:59.745] [debug] [:] Client bob marked as offline
[2026-04-18 00:36:59.745] [debug] [:] Client unregistered: bob
[2026-04-18 00:36:59.745] [info] [:] Client bob unregistered successfully
[2026-04-18 00:36:59.745] [debug] [:] No queued messages to persist for bob
[2026-04-18 00:36:59.745] [debug] [:] Session destroyed for client: bob
[2026-04-18 00:37:01.749] [debug] [:] ZMQ_POLLIN event received
[2026-04-18 00:37:01.749] [debug] [:] Deserialized: Message{type=Register, flags=0, corr_id=0, sender=alice, dest=, payload_size=0}
[2026-04-18 00:37:01.749] [debug] [:] Routing message: Message{type=Register, flags=0, corr_id=0, sender=alice, dest=, payload_size=0}
[2026-04-18 00:37:01.749] [info] [:] Registering client: alice
[2026-04-18 00:37:01.749] [debug] [:] Session created for identity with size: 5
[2026-04-18 00:37:01.749] [debug] [:] Client registered: alice
[2026-04-18 00:37:01.749] [info] [:] Client alice registered successfully
[2026-04-18 00:37:01.749] [debug] [:] Loaded 0 pending messages for client: alice
[2026-04-18 00:37:01.749] [debug] [:] No pending messages for client: alice
[2026-04-18 00:37:01.749] [debug] [:] DeliverPendingReplies called for client: alice
[2026-04-18 00:37:01.749] [debug] [:] Loaded 0 unique pending replies for sender: alice
[2026-04-18 00:37:01.749] [debug] [:] No pending replies for client: alice
[2026-04-18 00:37:01.749] [info] [:] === Active clients (1) ===
[2026-04-18 00:37:01.749] [info] [:]   - alice (identity size: 5, queue size: 0)
[2026-04-18 00:37:01.749] [debug] [:] Deserialized: Message{type=Message, flags=1, corr_id=10362060517378901041, sender=alice, dest=bob, payload_size=19}
[2026-04-18 00:37:01.749] [debug] [:] Routing message: Message{type=Message, flags=1, corr_id=10362060517378901041, sender=alice, dest=bob, payload_size=19}
[2026-04-18 00:37:01.749] [debug] [:] Routing message to: bob
[2026-04-18 00:37:01.757] [debug] [:] Message saved to database, id: 3, status: 0, corr_id: 10362060517378901041
[2026-04-18 00:37:01.757] [debug] [:] Message saved to database with id: 3
[2026-04-18 00:37:01.757] [debug] [:] Storage::SaveCorrelation: msg_id=3, corr_id=10362060517378901041, sender=alice
[2026-04-18 00:37:01.760] [info] [:] Correlation saved: message_id=3, corr_id=10362060517378901041, original_sender=alice
[2026-04-18 00:37:01.760] [debug] [:] Saved correlation: message_id=3, corr_id=10362060517378901041, sender=alice
[2026-04-18 00:37:01.760] [info] [:] Destination bob offline, message 3 stored in database
[2026-04-18 00:37:01.760] [debug] [:] Deserialized: Message{type=Unregister, flags=0, corr_id=0, sender=alice, dest=, payload_size=0}
[2026-04-18 00:37:01.760] [debug] [:] Routing message: Message{type=Unregister, flags=0, corr_id=0, sender=alice, dest=, payload_size=0}
[2026-04-18 00:37:01.760] [info] [:] Client alice explicitly unregistering
[2026-04-18 00:37:01.760] [debug] [:] No queued messages to persist for alice
[2026-04-18 00:37:01.760] [debug] [:] Client alice marked as offline
[2026-04-18 00:37:01.760] [debug] [:] Client unregistered: alice
[2026-04-18 00:37:01.761] [info] [:] Client alice unregistered successfully
[2026-04-18 00:37:01.761] [debug] [:] No queued messages to persist for alice
[2026-04-18 00:37:01.761] [debug] [:] Session destroyed for client: alice
[2026-04-18 00:37:03.778] [debug] [:] ZMQ_POLLIN event received
[2026-04-18 00:37:03.778] [debug] [:] Deserialized: Message{type=Register, flags=0, corr_id=0, sender=alice, dest=, payload_size=0}
[2026-04-18 00:37:03.778] [debug] [:] Routing message: Message{type=Register, flags=0, corr_id=0, sender=alice, dest=, payload_size=0}
[2026-04-18 00:37:03.778] [info] [:] Registering client: alice
[2026-04-18 00:37:03.778] [debug] [:] Session created for identity with size: 5
[2026-04-18 00:37:03.778] [debug] [:] Client registered: alice
[2026-04-18 00:37:03.778] [info] [:] Client alice registered successfully
[2026-04-18 00:37:03.778] [debug] [:] Loaded 0 pending messages for client: alice
[2026-04-18 00:37:03.778] [debug] [:] No pending messages for client: alice
[2026-04-18 00:37:03.778] [debug] [:] DeliverPendingReplies called for client: alice
[2026-04-18 00:37:03.778] [debug] [:] Loaded 0 unique pending replies for sender: alice
[2026-04-18 00:37:03.778] [debug] [:] No pending replies for client: alice
[2026-04-18 00:37:03.778] [info] [:] === Active clients (1) ===
[2026-04-18 00:37:03.778] [info] [:]   - alice (identity size: 5, queue size: 0)
[2026-04-18 00:37:03.778] [debug] [:] Deserialized: Message{type=Unregister, flags=0, corr_id=0, sender=alice, dest=, payload_size=0}
[2026-04-18 00:37:03.778] [debug] [:] Routing message: Message{type=Unregister, flags=0, corr_id=0, sender=alice, dest=, payload_size=0}
[2026-04-18 00:37:03.778] [info] [:] Client alice explicitly unregistering
[2026-04-18 00:37:03.778] [debug] [:] No queued messages to persist for alice
[2026-04-18 00:37:03.778] [debug] [:] Client alice marked as offline
[2026-04-18 00:37:03.778] [debug] [:] Client unregistered: alice
[2026-04-18 00:37:03.778] [info] [:] Client alice unregistered successfully
[2026-04-18 00:37:03.778] [debug] [:] No queued messages to persist for alice
[2026-04-18 00:37:03.778] [debug] [:] Session destroyed for client: alice
[2026-04-18 00:37:05.785] [debug] [:] ZMQ_POLLIN event received
[2026-04-18 00:37:05.785] [debug] [:] Deserialized: Message{type=Register, flags=0, corr_id=0, sender=bob, dest=, payload_size=0}
[2026-04-18 00:37:05.785] [debug] [:] Routing message: Message{type=Register, flags=0, corr_id=0, sender=bob, dest=, payload_size=0}
[2026-04-18 00:37:05.785] [info] [:] Registering client: bob
[2026-04-18 00:37:05.785] [debug] [:] Session created for identity with size: 3
[2026-04-18 00:37:05.785] [debug] [:] Client registered: bob
[2026-04-18 00:37:05.785] [info] [:] Client bob registered successfully
[2026-04-18 00:37:05.786] [debug] [:] Loaded 1 pending messages for client: bob
[2026-04-18 00:37:05.786] [info] [:] Delivering 1 offline messages to: bob
[2026-04-18 00:37:05.786] [debug] [:] Message sent to client bob: Message{type=Message, flags=1, corr_id=10362060517378901041, sender=alice, dest=bob, payload_size=19}
[2026-04-18 00:37:05.794] [debug] [:] Message 3 marked as delivered
[2026-04-18 00:37:05.794] [debug] [:] Delivered offline message id=3 to bob (no ACK needed)
[2026-04-18 00:37:05.794] [debug] [:] Flushing queue for client bob, size: 0
[2026-04-18 00:37:05.794] [debug] [:] DeliverPendingReplies called for client: bob
[2026-04-18 00:37:05.794] [debug] [:] Loaded 0 unique pending replies for sender: bob
[2026-04-18 00:37:05.794] [debug] [:] No pending replies for client: bob
[2026-04-18 00:37:05.794] [info] [:] === Active clients (1) ===
[2026-04-18 00:37:05.794] [info] [:]   - bob (identity size: 3, queue size: 0)
[2026-04-18 00:37:05.794] [debug] [:] Deserialized: Message{type=Message, flags=2, corr_id=6650260336248266409, sender=bob, dest=alice, payload_size=18}
[2026-04-18 00:37:05.794] [debug] [:] Routing message: Message{type=Message, flags=2, corr_id=6650260336248266409, sender=bob, dest=alice, payload_size=18}
[2026-04-18 00:37:05.794] [debug] [:] Routing message to: alice
[2026-04-18 00:37:05.797] [debug] [:] Message saved to database, id: 4, status: 0, corr_id: 6650260336248266409
[2026-04-18 00:37:05.797] [debug] [:] Message saved to database with id: 4
[2026-04-18 00:37:05.797] [debug] [:] Storage::SaveCorrelation: msg_id=4, corr_id=6650260336248266409, sender=bob
[2026-04-18 00:37:05.800] [info] [:] Correlation saved: message_id=4, corr_id=6650260336248266409, original_sender=bob
[2026-04-18 00:37:05.800] [debug] [:] Saved correlation: message_id=4, corr_id=6650260336248266409, sender=bob
[2026-04-18 00:37:05.800] [info] [:] Destination alice offline, message 4 stored in database
[2026-04-18 00:37:05.800] [debug] [:] Deserialized: Message{type=Unregister, flags=0, corr_id=0, sender=bob, dest=, payload_size=0}
[2026-04-18 00:37:05.800] [debug] [:] Routing message: Message{type=Unregister, flags=0, corr_id=0, sender=bob, dest=, payload_size=0}
[2026-04-18 00:37:05.800] [info] [:] Client bob explicitly unregistering
[2026-04-18 00:37:05.800] [debug] [:] No queued messages to persist for bob
[2026-04-18 00:37:05.800] [debug] [:] Client bob marked as offline
[2026-04-18 00:37:05.800] [debug] [:] Client unregistered: bob
[2026-04-18 00:37:05.800] [info] [:] Client bob unregistered successfully
[2026-04-18 00:37:05.800] [debug] [:] No queued messages to persist for bob
[2026-04-18 00:37:05.800] [debug] [:] Session destroyed for client: bob
[2026-04-18 00:37:07.813] [debug] [:] ZMQ_POLLIN event received
[2026-04-18 00:37:07.813] [debug] [:] Deserialized: Message{type=Register, flags=0, corr_id=0, sender=alice, dest=, payload_size=0}
[2026-04-18 00:37:07.813] [debug] [:] Routing message: Message{type=Register, flags=0, corr_id=0, sender=alice, dest=, payload_size=0}
[2026-04-18 00:37:07.813] [info] [:] Registering client: alice
[2026-04-18 00:37:07.813] [debug] [:] Session created for identity with size: 5
[2026-04-18 00:37:07.813] [debug] [:] Client registered: alice
[2026-04-18 00:37:07.813] [info] [:] Client alice registered successfully
[2026-04-18 00:37:07.813] [debug] [:] Loaded 1 pending messages for client: alice
[2026-04-18 00:37:07.813] [info] [:] Delivering 1 offline messages to: alice
[2026-04-18 00:37:07.821] [debug] [:] Message 4 marked as sent (waiting for ACK), 1 rows affected
[2026-04-18 00:37:07.821] [debug] [:] Message sent to client alice: Message{type=Message, flags=2, corr_id=6650260336248266409, sender=bob, dest=alice, payload_size=18}
[2026-04-18 00:37:07.821] [debug] [:] Delivered offline message id=4 to alice, waiting for ACK
[2026-04-18 00:37:07.821] [debug] [:] Flushing queue for client alice, size: 0
[2026-04-18 00:37:07.821] [debug] [:] DeliverPendingReplies called for client: alice
[2026-04-18 00:37:07.821] [debug] [:] Loaded 0 unique pending replies for sender: alice
[2026-04-18 00:37:07.821] [debug] [:] No pending replies for client: alice
[2026-04-18 00:37:07.821] [info] [:] === Active clients (1) ===
[2026-04-18 00:37:07.821] [info] [:]   - alice (identity size: 5, queue size: 0)
[2026-04-18 00:37:07.821] [debug] [:] Deserialized: Message{type=Unregister, flags=0, corr_id=0, sender=alice, dest=, payload_size=0}
[2026-04-18 00:37:07.821] [debug] [:] Routing message: Message{type=Unregister, flags=0, corr_id=0, sender=alice, dest=, payload_size=0}
[2026-04-18 00:37:07.821] [info] [:] Client alice explicitly unregistering
[2026-04-18 00:37:07.821] [debug] [:] No queued messages to persist for alice
[2026-04-18 00:37:07.821] [debug] [:] Client alice marked as offline
[2026-04-18 00:37:07.821] [debug] [:] Client unregistered: alice
[2026-04-18 00:37:07.821] [info] [:] Client alice unregistered successfully
[2026-04-18 00:37:07.822] [debug] [:] No queued messages to persist for alice
[2026-04-18 00:37:07.822] [debug] [:] Session destroyed for client: alice
[2026-04-18 00:37:08.818] [debug] [:] ZMQ_POLLIN event received
[2026-04-18 00:37:08.818] [debug] [:] Deserialized: Message{type=Register, flags=0, corr_id=0, sender=bob, dest=, payload_size=0}
[2026-04-18 00:37:08.818] [debug] [:] Routing message: Message{type=Register, flags=0, corr_id=0, sender=bob, dest=, payload_size=0}
[2026-04-18 00:37:08.818] [info] [:] Registering client: bob
[2026-04-18 00:37:08.818] [debug] [:] Session created for identity with size: 3
[2026-04-18 00:37:08.818] [debug] [:] Client registered: bob
[2026-04-18 00:37:08.818] [info] [:] Client bob registered successfully
[2026-04-18 00:37:08.819] [debug] [:] Loaded 0 pending messages for client: bob
[2026-04-18 00:37:08.819] [debug] [:] No pending messages for client: bob
[2026-04-18 00:37:08.819] [debug] [:] DeliverPendingReplies called for client: bob
[2026-04-18 00:37:08.819] [debug] [:] Loaded 0 unique pending replies for sender: bob
[2026-04-18 00:37:08.819] [debug] [:] No pending replies for client: bob
[2026-04-18 00:37:08.819] [info] [:] === Active clients (1) ===
[2026-04-18 00:37:08.819] [info] [:]   - bob (identity size: 3, queue size: 0)
[2026-04-18 00:37:08.819] [debug] [:] Deserialized: Message{type=Message, flags=0, corr_id=220574744194991798, sender=bob, dest=charlie, payload_size=25}
[2026-04-18 00:37:08.819] [debug] [:] Routing message: Message{type=Message, flags=0, corr_id=220574744194991798, sender=bob, dest=charlie, payload_size=25}
[2026-04-18 00:37:08.819] [debug] [:] Routing message to: charlie
[2026-04-18 00:37:08.827] [debug] [:] Message saved to database, id: 5, status: 0, corr_id: 220574744194991798
[2026-04-18 00:37:08.827] [debug] [:] Message saved to database with id: 5
[2026-04-18 00:37:08.827] [info] [:] Destination charlie offline, message 5 stored in database
[2026-04-18 00:37:08.827] [debug] [:] Deserialized: Message{type=Unregister, flags=0, corr_id=0, sender=bob, dest=, payload_size=0}
[2026-04-18 00:37:08.827] [debug] [:] Routing message: Message{type=Unregister, flags=0, corr_id=0, sender=bob, dest=, payload_size=0}
[2026-04-18 00:37:08.827] [info] [:] Client bob explicitly unregistering
[2026-04-18 00:37:08.827] [debug] [:] No queued messages to persist for bob
[2026-04-18 00:37:08.827] [debug] [:] Client bob marked as offline
[2026-04-18 00:37:08.827] [debug] [:] Client unregistered: bob
[2026-04-18 00:37:08.827] [info] [:] Client bob unregistered successfully
[2026-04-18 00:37:08.827] [debug] [:] No queued messages to persist for bob
[2026-04-18 00:37:08.827] [debug] [:] Session destroyed for client: bob
[2026-04-18 00:37:09.823] [debug] [:] ZMQ_POLLIN event received
[2026-04-18 00:37:09.824] [debug] [:] Deserialized: Message{type=Register, flags=0, corr_id=0, sender=charlie, dest=, payload_size=0}
[2026-04-18 00:37:09.824] [debug] [:] Routing message: Message{type=Register, flags=0, corr_id=0, sender=charlie, dest=, payload_size=0}
[2026-04-18 00:37:09.824] [info] [:] Registering client: charlie
[2026-04-18 00:37:09.824] [debug] [:] Session created for identity with size: 7
[2026-04-18 00:37:09.824] [debug] [:] Client registered: charlie
[2026-04-18 00:37:09.824] [info] [:] Client charlie registered successfully
[2026-04-18 00:37:09.824] [debug] [:] Loaded 1 pending messages for client: charlie
[2026-04-18 00:37:09.824] [info] [:] Delivering 1 offline messages to: charlie
[2026-04-18 00:37:09.824] [debug] [:] Message sent to client charlie: Message{type=Message, flags=0, corr_id=220574744194991798, sender=bob, dest=charlie, payload_size=25}
[2026-04-18 00:37:09.832] [debug] [:] Message 5 marked as delivered
[2026-04-18 00:37:09.832] [debug] [:] Delivered offline message id=5 to charlie (no ACK needed)
[2026-04-18 00:37:09.832] [debug] [:] Flushing queue for client charlie, size: 0
[2026-04-18 00:37:09.832] [debug] [:] DeliverPendingReplies called for client: charlie
[2026-04-18 00:37:09.832] [debug] [:] Loaded 0 unique pending replies for sender: charlie
[2026-04-18 00:37:09.832] [debug] [:] No pending replies for client: charlie
[2026-04-18 00:37:09.832] [info] [:] === Active clients (1) ===
[2026-04-18 00:37:09.832] [info] [:]   - charlie (identity size: 7, queue size: 0)
[2026-04-18 00:37:09.832] [debug] [:] Deserialized: Message{type=Message, flags=0, corr_id=13107718602856624325, sender=charlie, dest=alice, payload_size=19}
[2026-04-18 00:37:09.832] [debug] [:] Routing message: Message{type=Message, flags=0, corr_id=13107718602856624325, sender=charlie, dest=alice, payload_size=19}
[2026-04-18 00:37:09.832] [debug] [:] Routing message to: alice
[2026-04-18 00:37:09.836] [debug] [:] Message saved to database, id: 6, status: 0, corr_id: 13107718602856624325
[2026-04-18 00:37:09.836] [debug] [:] Message saved to database with id: 6
[2026-04-18 00:37:09.836] [info] [:] Destination alice offline, message 6 stored in database
[2026-04-18 00:37:09.836] [debug] [:] Deserialized: Message{type=Message, flags=0, corr_id=3662292910337388609, sender=charlie, dest=bob, payload_size=8}
[2026-04-18 00:37:09.836] [debug] [:] Routing message: Message{type=Message, flags=0, corr_id=3662292910337388609, sender=charlie, dest=bob, payload_size=8}
[2026-04-18 00:37:09.836] [debug] [:] Routing message to: bob
[2026-04-18 00:37:09.839] [debug] [:] Message saved to database, id: 7, status: 0, corr_id: 3662292910337388609
[2026-04-18 00:37:09.839] [debug] [:] Message saved to database with id: 7
[2026-04-18 00:37:09.839] [info] [:] Destination bob offline, message 7 stored in database
[2026-04-18 00:37:09.839] [debug] [:] Deserialized: Message{type=Unregister, flags=0, corr_id=0, sender=charlie, dest=, payload_size=0}
[2026-04-18 00:37:09.839] [debug] [:] Routing message: Message{type=Unregister, flags=0, corr_id=0, sender=charlie, dest=, payload_size=0}
[2026-04-18 00:37:09.839] [info] [:] Client charlie explicitly unregistering
[2026-04-18 00:37:09.839] [debug] [:] No queued messages to persist for charlie
[2026-04-18 00:37:09.839] [debug] [:] Client charlie marked as offline
[2026-04-18 00:37:09.839] [debug] [:] Client unregistered: charlie
[2026-04-18 00:37:09.839] [info] [:] Client charlie unregistered successfully
[2026-04-18 00:37:09.839] [debug] [:] No queued messages to persist for charlie
[2026-04-18 00:37:09.839] [debug] [:] Session destroyed for client: charlie
[2026-04-18 00:37:09.840] [info] [:] Received signal 15 (SIGTERM), initiating shutdown...
[2026-04-18 00:37:09.840] [info] [:] Stopping server...
[2026-04-18 00:37:09.840] [info] [:] Server stop signal sent, waiting for threads...
[2026-04-18 00:37:09.840] [info] [:] Shutdown signal received, waiting for server to stop...
[2026-04-18 00:37:09.840] [debug] [:] Worker thread #0 stopped
[2026-04-18 00:37:09.840] [debug] [:] Worker thread #1 stopped
[2026-04-18 00:37:09.840] [debug] [:] Worker thread #3 stopped
[2026-04-18 00:37:09.840] [debug] [:] Worker thread #2 stopped
[2026-04-18 00:37:09.840] [info] [:] Server run loop exited
[2026-04-18 00:37:09.840] [debug] [:] Server thread finished
[2026-04-18 00:37:09.841] [info] [:] === Broker shutdown complete ===
[2026-04-18 00:37:09.843] [debug] [:] Database closed
